-------------------------------------------------------------------------------
Test set: ro.upt.SeleniumTest
-------------------------------------------------------------------------------
Tests run: 9, Failures: 0, Errors: 9, Skipped: 0, Time elapsed: 18.58 s <<< FAILURE! -- in ro.upt.SeleniumTest
ro.upt.SeleniumTest.testOrderProductsByPrice -- Time elapsed: 15.73 s <<< ERROR!
io.github.bonigarcia.wdm.config.WebDriverManagerException: There was an error creating WebDriver object for Firefox
	at io.github.bonigarcia.wdm.WebDriverManager.instantiateDriver(WebDriverManager.java:1812)
	at io.github.bonigarcia.wdm.WebDriverManager.create(WebDriverManager.java:435)
	at ro.upt.SeleniumTest.setup(SeleniumTest.java:38)
	at java.base/java.lang.reflect.Method.invoke(Method.java:580)
	at java.base/java.util.ArrayList.forEach(ArrayList.java:1596)
	at java.base/java.util.ArrayList.forEach(ArrayList.java:1596)
	Suppressed: java.lang.NullPointerException: Cannot invoke "org.openqa.selenium.WebDriver.quit()" because "this.webDriver" is null
		at ro.upt.SeleniumTest.tearDown(SeleniumTest.java:49)
		... 3 more
Caused by: java.lang.reflect.InvocationTargetException
	at java.base/jdk.internal.reflect.DirectConstructorHandleAccessor.newInstance(DirectConstructorHandleAccessor.java:74)
	at java.base/java.lang.reflect.Constructor.newInstanceWithCaller(Constructor.java:502)
	at java.base/java.lang.reflect.Constructor.newInstance(Constructor.java:486)
	at io.github.bonigarcia.wdm.webdriver.WebDriverCreator.createLocalWebDriver(WebDriverCreator.java:64)
	at io.github.bonigarcia.wdm.WebDriverManager.createLocalWebDriver(WebDriverManager.java:1998)
	at io.github.bonigarcia.wdm.WebDriverManager.instantiateDriver(WebDriverManager.java:1801)
	... 5 more
Caused by: org.openqa.selenium.SessionNotCreatedException: Could not start a new session. Possible causes are invalid address of the remote server or browser start-up failure. 
Host info: host: 'DESKTOP-GANC7RP', ip: '10.99.147.57'
	at org.openqa.selenium.remote.RemoteWebDriver.execute(RemoteWebDriver.java:562)
	at org.openqa.selenium.remote.RemoteWebDriver.startSession(RemoteWebDriver.java:244)
	at org.openqa.selenium.remote.RemoteWebDriver.<init>(RemoteWebDriver.java:173)
	at org.openqa.selenium.firefox.FirefoxDriver.<init>(FirefoxDriver.java:142)
	at org.openqa.selenium.firefox.FirefoxDriver.<init>(FirefoxDriver.java:137)
	at org.openqa.selenium.firefox.FirefoxDriver.<init>(FirefoxDriver.java:119)
	at org.openqa.selenium.firefox.FirefoxDriver.<init>(FirefoxDriver.java:114)
	at org.openqa.selenium.firefox.FirefoxDriver.<init>(FirefoxDriver.java:99)
	at org.openqa.selenium.firefox.FirefoxDriver.<init>(FirefoxDriver.java:89)
	at java.base/jdk.internal.reflect.DirectConstructorHandleAccessor.newInstance(DirectConstructorHandleAccessor.java:62)
	... 10 more
Caused by: org.openqa.selenium.WebDriverException: Driver server process died prematurely, exit value: 1
Build info: version: '4.34.0', revision: '707dcb4246*'
System info: os.name: 'Windows 11', os.arch: 'amd64', os.version: '10.0', java.version: '21.0.3'
Driver info: driver.version: FirefoxDriver
	at org.openqa.selenium.remote.service.DriverService.start(DriverService.java:253)
	at org.openqa.selenium.remote.service.DriverCommandExecutor.execute(DriverCommandExecutor.java:117)
	at org.openqa.selenium.remote.RemoteWebDriver.execute(RemoteWebDriver.java:544)
	... 19 more

ro.upt.SeleniumTest.checkAuthenticationWorked -- Time elapsed: 0.060 s <<< ERROR!
io.github.bonigarcia.wdm.config.WebDriverManagerException: There was an error creating WebDriver object for Firefox
	at io.github.bonigarcia.wdm.WebDriverManager.instantiateDriver(WebDriverManager.java:1812)
	at io.github.bonigarcia.wdm.WebDriverManager.create(WebDriverManager.java:435)
	at ro.upt.SeleniumTest.setup(SeleniumTest.java:38)
	at java.base/java.lang.reflect.Method.invoke(Method.java:580)
	at java.base/java.util.ArrayList.forEach(ArrayList.java:1596)
	at java.base/java.util.ArrayList.forEach(ArrayList.java:1596)
	Suppressed: java.lang.NullPointerException: Cannot invoke "org.openqa.selenium.WebDriver.quit()" because "this.webDriver" is null
		at ro.upt.SeleniumTest.tearDown(SeleniumTest.java:49)
		... 3 more
Caused by: java.lang.reflect.InvocationTargetException
	at java.base/jdk.internal.reflect.DirectConstructorHandleAccessor.newInstance(DirectConstructorHandleAccessor.java:74)
	at java.base/java.lang.reflect.Constructor.newInstanceWithCaller(Constructor.java:502)
	at java.base/java.lang.reflect.Constructor.newInstance(Constructor.java:486)
	at io.github.bonigarcia.wdm.webdriver.WebDriverCreator.createLocalWebDriver(WebDriverCreator.java:64)
	at io.github.bonigarcia.wdm.WebDriverManager.createLocalWebDriver(WebDriverManager.java:1998)
	at io.github.bonigarcia.wdm.WebDriverManager.instantiateDriver(WebDriverManager.java:1801)
	... 5 more
Caused by: org.openqa.selenium.SessionNotCreatedException: Could not start a new session. Possible causes are invalid address of the remote server or browser start-up failure. 
Host info: host: 'DESKTOP-GANC7RP', ip: '10.99.147.57'
	at org.openqa.selenium.remote.RemoteWebDriver.execute(RemoteWebDriver.java:562)
	at org.openqa.selenium.remote.RemoteWebDriver.startSession(RemoteWebDriver.java:244)
	at org.openqa.selenium.remote.RemoteWebDriver.<init>(RemoteWebDriver.java:173)
	at org.openqa.selenium.firefox.FirefoxDriver.<init>(FirefoxDriver.java:142)
	at org.openqa.selenium.firefox.FirefoxDriver.<init>(FirefoxDriver.java:137)
	at org.openqa.selenium.firefox.FirefoxDriver.<init>(FirefoxDriver.java:119)
	at org.openqa.selenium.firefox.FirefoxDriver.<init>(FirefoxDriver.java:114)
	at org.openqa.selenium.firefox.FirefoxDriver.<init>(FirefoxDriver.java:99)
	at org.openqa.selenium.firefox.FirefoxDriver.<init>(FirefoxDriver.java:89)
	at java.base/jdk.internal.reflect.DirectConstructorHandleAccessor.newInstance(DirectConstructorHandleAccessor.java:62)
	... 10 more
Caused by: org.openqa.selenium.WebDriverException: Driver server process died prematurely, exit value: 1
Build info: version: '4.34.0', revision: '707dcb4246*'
System info: os.name: 'Windows 11', os.arch: 'amd64', os.version: '10.0', java.version: '21.0.3'
Driver info: driver.version: FirefoxDriver
	at org.openqa.selenium.remote.service.DriverService.start(DriverService.java:253)
	at org.openqa.selenium.remote.service.DriverCommandExecutor.execute(DriverCommandExecutor.java:117)
	at org.openqa.selenium.remote.RemoteWebDriver.execute(RemoteWebDriver.java:544)
	... 19 more

ro.upt.SeleniumTest.testEntireCheckoutProcess -- Time elapsed: 0.055 s <<< ERROR!
io.github.bonigarcia.wdm.config.WebDriverManagerException: There was an error creating WebDriver object for Firefox
	at io.github.bonigarcia.wdm.WebDriverManager.instantiateDriver(WebDriverManager.java:1812)
	at io.github.bonigarcia.wdm.WebDriverManager.create(WebDriverManager.java:435)
	at ro.upt.SeleniumTest.setup(SeleniumTest.java:38)
	at java.base/java.lang.reflect.Method.invoke(Method.java:580)
	at java.base/java.util.ArrayList.forEach(ArrayList.java:1596)
	at java.base/java.util.ArrayList.forEach(ArrayList.java:1596)
	Suppressed: java.lang.NullPointerException: Cannot invoke "org.openqa.selenium.WebDriver.quit()" because "this.webDriver" is null
		at ro.upt.SeleniumTest.tearDown(SeleniumTest.java:49)
		... 3 more
Caused by: java.lang.reflect.InvocationTargetException
	at java.base/jdk.internal.reflect.DirectConstructorHandleAccessor.newInstance(DirectConstructorHandleAccessor.java:74)
	at java.base/java.lang.reflect.Constructor.newInstanceWithCaller(Constructor.java:502)
	at java.base/java.lang.reflect.Constructor.newInstance(Constructor.java:486)
	at io.github.bonigarcia.wdm.webdriver.WebDriverCreator.createLocalWebDriver(WebDriverCreator.java:64)
	at io.github.bonigarcia.wdm.WebDriverManager.createLocalWebDriver(WebDriverManager.java:1998)
	at io.github.bonigarcia.wdm.WebDriverManager.instantiateDriver(WebDriverManager.java:1801)
	... 5 more
Caused by: org.openqa.selenium.SessionNotCreatedException: Could not start a new session. Possible causes are invalid address of the remote server or browser start-up failure. 
Host info: host: 'DESKTOP-GANC7RP', ip: '10.99.147.57'
	at org.openqa.selenium.remote.RemoteWebDriver.execute(RemoteWebDriver.java:562)
	at org.openqa.selenium.remote.RemoteWebDriver.startSession(RemoteWebDriver.java:244)
	at org.openqa.selenium.remote.RemoteWebDriver.<init>(RemoteWebDriver.java:173)
	at org.openqa.selenium.firefox.FirefoxDriver.<init>(FirefoxDriver.java:142)
	at org.openqa.selenium.firefox.FirefoxDriver.<init>(FirefoxDriver.java:137)
	at org.openqa.selenium.firefox.FirefoxDriver.<init>(FirefoxDriver.java:119)
	at org.openqa.selenium.firefox.FirefoxDriver.<init>(FirefoxDriver.java:114)
	at org.openqa.selenium.firefox.FirefoxDriver.<init>(FirefoxDriver.java:99)
	at org.openqa.selenium.firefox.FirefoxDriver.<init>(FirefoxDriver.java:89)
	at java.base/jdk.internal.reflect.DirectConstructorHandleAccessor.newInstance(DirectConstructorHandleAccessor.java:62)
	... 10 more
Caused by: org.openqa.selenium.WebDriverException: Driver server process died prematurely, exit value: 1
Build info: version: '4.34.0', revision: '707dcb4246*'
System info: os.name: 'Windows 11', os.arch: 'amd64', os.version: '10.0', java.version: '21.0.3'
Driver info: driver.version: FirefoxDriver
	at org.openqa.selenium.remote.service.DriverService.start(DriverService.java:253)
	at org.openqa.selenium.remote.service.DriverCommandExecutor.execute(DriverCommandExecutor.java:117)
	at org.openqa.selenium.remote.RemoteWebDriver.execute(RemoteWebDriver.java:544)
	... 19 more

ro.upt.SeleniumTest.testMissingFirstNameCheckout -- Time elapsed: 0.051 s <<< ERROR!
io.github.bonigarcia.wdm.config.WebDriverManagerException: There was an error creating WebDriver object for Firefox
	at io.github.bonigarcia.wdm.WebDriverManager.instantiateDriver(WebDriverManager.java:1812)
	at io.github.bonigarcia.wdm.WebDriverManager.create(WebDriverManager.java:435)
	at ro.upt.SeleniumTest.setup(SeleniumTest.java:38)
	at java.base/java.lang.reflect.Method.invoke(Method.java:580)
	at java.base/java.util.ArrayList.forEach(ArrayList.java:1596)
	at java.base/java.util.ArrayList.forEach(ArrayList.java:1596)
	Suppressed: java.lang.NullPointerException: Cannot invoke "org.openqa.selenium.WebDriver.quit()" because "this.webDriver" is null
		at ro.upt.SeleniumTest.tearDown(SeleniumTest.java:49)
		... 3 more
Caused by: java.lang.reflect.InvocationTargetException
	at java.base/jdk.internal.reflect.DirectConstructorHandleAccessor.newInstance(DirectConstructorHandleAccessor.java:74)
	at java.base/java.lang.reflect.Constructor.newInstanceWithCaller(Constructor.java:502)
	at java.base/java.lang.reflect.Constructor.newInstance(Constructor.java:486)
	at io.github.bonigarcia.wdm.webdriver.WebDriverCreator.createLocalWebDriver(WebDriverCreator.java:64)
	at io.github.bonigarcia.wdm.WebDriverManager.createLocalWebDriver(WebDriverManager.java:1998)
	at io.github.bonigarcia.wdm.WebDriverManager.instantiateDriver(WebDriverManager.java:1801)
	... 5 more
Caused by: org.openqa.selenium.SessionNotCreatedException: Could not start a new session. Possible causes are invalid address of the remote server or browser start-up failure. 
Host info: host: 'DESKTOP-GANC7RP', ip: '10.99.147.57'
	at org.openqa.selenium.remote.RemoteWebDriver.execute(RemoteWebDriver.java:562)
	at org.openqa.selenium.remote.RemoteWebDriver.startSession(RemoteWebDriver.java:244)
	at org.openqa.selenium.remote.RemoteWebDriver.<init>(RemoteWebDriver.java:173)
	at org.openqa.selenium.firefox.FirefoxDriver.<init>(FirefoxDriver.java:142)
	at org.openqa.selenium.firefox.FirefoxDriver.<init>(FirefoxDriver.java:137)
	at org.openqa.selenium.firefox.FirefoxDriver.<init>(FirefoxDriver.java:119)
	at org.openqa.selenium.firefox.FirefoxDriver.<init>(FirefoxDriver.java:114)
	at org.openqa.selenium.firefox.FirefoxDriver.<init>(FirefoxDriver.java:99)
	at org.openqa.selenium.firefox.FirefoxDriver.<init>(FirefoxDriver.java:89)
	at java.base/jdk.internal.reflect.DirectConstructorHandleAccessor.newInstance(DirectConstructorHandleAccessor.java:62)
	... 10 more
Caused by: org.openqa.selenium.WebDriverException: Driver server process died prematurely, exit value: 1
Build info: version: '4.34.0', revision: '707dcb4246*'
System info: os.name: 'Windows 11', os.arch: 'amd64', os.version: '10.0', java.version: '21.0.3'
Driver info: driver.version: FirefoxDriver
	at org.openqa.selenium.remote.service.DriverService.start(DriverService.java:253)
	at org.openqa.selenium.remote.service.DriverCommandExecutor.execute(DriverCommandExecutor.java:117)
	at org.openqa.selenium.remote.RemoteWebDriver.execute(RemoteWebDriver.java:544)
	... 19 more

ro.upt.SeleniumTest.checkTitleIsCorrect -- Time elapsed: 0.058 s <<< ERROR!
io.github.bonigarcia.wdm.config.WebDriverManagerException: There was an error creating WebDriver object for Firefox
	at io.github.bonigarcia.wdm.WebDriverManager.instantiateDriver(WebDriverManager.java:1812)
	at io.github.bonigarcia.wdm.WebDriverManager.create(WebDriverManager.java:435)
	at ro.upt.SeleniumTest.setup(SeleniumTest.java:38)
	at java.base/java.lang.reflect.Method.invoke(Method.java:580)
	at java.base/java.util.ArrayList.forEach(ArrayList.java:1596)
	at java.base/java.util.ArrayList.forEach(ArrayList.java:1596)
	Suppressed: java.lang.NullPointerException: Cannot invoke "org.openqa.selenium.WebDriver.quit()" because "this.webDriver" is null
		at ro.upt.SeleniumTest.tearDown(SeleniumTest.java:49)
		... 3 more
Caused by: java.lang.reflect.InvocationTargetException
	at java.base/jdk.internal.reflect.DirectConstructorHandleAccessor.newInstance(DirectConstructorHandleAccessor.java:74)
	at java.base/java.lang.reflect.Constructor.newInstanceWithCaller(Constructor.java:502)
	at java.base/java.lang.reflect.Constructor.newInstance(Constructor.java:486)
	at io.github.bonigarcia.wdm.webdriver.WebDriverCreator.createLocalWebDriver(WebDriverCreator.java:64)
	at io.github.bonigarcia.wdm.WebDriverManager.createLocalWebDriver(WebDriverManager.java:1998)
	at io.github.bonigarcia.wdm.WebDriverManager.instantiateDriver(WebDriverManager.java:1801)
	... 5 more
Caused by: org.openqa.selenium.SessionNotCreatedException: Could not start a new session. Possible causes are invalid address of the remote server or browser start-up failure. 
Host info: host: 'DESKTOP-GANC7RP', ip: '10.99.147.57'
	at org.openqa.selenium.remote.RemoteWebDriver.execute(RemoteWebDriver.java:562)
	at org.openqa.selenium.remote.RemoteWebDriver.startSession(RemoteWebDriver.java:244)
	at org.openqa.selenium.remote.RemoteWebDriver.<init>(RemoteWebDriver.java:173)
	at org.openqa.selenium.firefox.FirefoxDriver.<init>(FirefoxDriver.java:142)
	at org.openqa.selenium.firefox.FirefoxDriver.<init>(FirefoxDriver.java:137)
	at org.openqa.selenium.firefox.FirefoxDriver.<init>(FirefoxDriver.java:119)
	at org.openqa.selenium.firefox.FirefoxDriver.<init>(FirefoxDriver.java:114)
	at org.openqa.selenium.firefox.FirefoxDriver.<init>(FirefoxDriver.java:99)
	at org.openqa.selenium.firefox.FirefoxDriver.<init>(FirefoxDriver.java:89)
	at java.base/jdk.internal.reflect.DirectConstructorHandleAccessor.newInstance(DirectConstructorHandleAccessor.java:62)
	... 10 more
Caused by: org.openqa.selenium.WebDriverException: Driver server process died prematurely, exit value: 1
Build info: version: '4.34.0', revision: '707dcb4246*'
System info: os.name: 'Windows 11', os.arch: 'amd64', os.version: '10.0', java.version: '21.0.3'
Driver info: driver.version: FirefoxDriver
	at org.openqa.selenium.remote.service.DriverService.start(DriverService.java:253)
	at org.openqa.selenium.remote.service.DriverCommandExecutor.execute(DriverCommandExecutor.java:117)
	at org.openqa.selenium.remote.RemoteWebDriver.execute(RemoteWebDriver.java:544)
	... 19 more

ro.upt.SeleniumTest.testAuthenticationFailed -- Time elapsed: 0.054 s <<< ERROR!
io.github.bonigarcia.wdm.config.WebDriverManagerException: There was an error creating WebDriver object for Firefox
	at io.github.bonigarcia.wdm.WebDriverManager.instantiateDriver(WebDriverManager.java:1812)
	at io.github.bonigarcia.wdm.WebDriverManager.create(WebDriverManager.java:435)
	at ro.upt.SeleniumTest.setup(SeleniumTest.java:38)
	at java.base/java.lang.reflect.Method.invoke(Method.java:580)
	at java.base/java.util.ArrayList.forEach(ArrayList.java:1596)
	at java.base/java.util.ArrayList.forEach(ArrayList.java:1596)
	Suppressed: java.lang.NullPointerException: Cannot invoke "org.openqa.selenium.WebDriver.quit()" because "this.webDriver" is null
		at ro.upt.SeleniumTest.tearDown(SeleniumTest.java:49)
		... 3 more
Caused by: java.lang.reflect.InvocationTargetException
	at java.base/jdk.internal.reflect.DirectConstructorHandleAccessor.newInstance(DirectConstructorHandleAccessor.java:74)
	at java.base/java.lang.reflect.Constructor.newInstanceWithCaller(Constructor.java:502)
	at java.base/java.lang.reflect.Constructor.newInstance(Constructor.java:486)
	at io.github.bonigarcia.wdm.webdriver.WebDriverCreator.createLocalWebDriver(WebDriverCreator.java:64)
	at io.github.bonigarcia.wdm.WebDriverManager.createLocalWebDriver(WebDriverManager.java:1998)
	at io.github.bonigarcia.wdm.WebDriverManager.instantiateDriver(WebDriverManager.java:1801)
	... 5 more
Caused by: org.openqa.selenium.SessionNotCreatedException: Could not start a new session. Possible causes are invalid address of the remote server or browser start-up failure. 
Host info: host: 'DESKTOP-GANC7RP', ip: '10.99.147.57'
	at org.openqa.selenium.remote.RemoteWebDriver.execute(RemoteWebDriver.java:562)
	at org.openqa.selenium.remote.RemoteWebDriver.startSession(RemoteWebDriver.java:244)
	at org.openqa.selenium.remote.RemoteWebDriver.<init>(RemoteWebDriver.java:173)
	at org.openqa.selenium.firefox.FirefoxDriver.<init>(FirefoxDriver.java:142)
	at org.openqa.selenium.firefox.FirefoxDriver.<init>(FirefoxDriver.java:137)
	at org.openqa.selenium.firefox.FirefoxDriver.<init>(FirefoxDriver.java:119)
	at org.openqa.selenium.firefox.FirefoxDriver.<init>(FirefoxDriver.java:114)
	at org.openqa.selenium.firefox.FirefoxDriver.<init>(FirefoxDriver.java:99)
	at org.openqa.selenium.firefox.FirefoxDriver.<init>(FirefoxDriver.java:89)
	at java.base/jdk.internal.reflect.DirectConstructorHandleAccessor.newInstance(DirectConstructorHandleAccessor.java:62)
	... 10 more
Caused by: org.openqa.selenium.WebDriverException: Driver server process died prematurely, exit value: 1
Build info: version: '4.34.0', revision: '707dcb4246*'
System info: os.name: 'Windows 11', os.arch: 'amd64', os.version: '10.0', java.version: '21.0.3'
Driver info: driver.version: FirefoxDriver
	at org.openqa.selenium.remote.service.DriverService.start(DriverService.java:253)
	at org.openqa.selenium.remote.service.DriverCommandExecutor.execute(DriverCommandExecutor.java:117)
	at org.openqa.selenium.remote.RemoteWebDriver.execute(RemoteWebDriver.java:544)
	... 19 more

ro.upt.SeleniumTest.testLogoutWorks -- Time elapsed: 0.049 s <<< ERROR!
io.github.bonigarcia.wdm.config.WebDriverManagerException: There was an error creating WebDriver object for Firefox
	at io.github.bonigarcia.wdm.WebDriverManager.instantiateDriver(WebDriverManager.java:1812)
	at io.github.bonigarcia.wdm.WebDriverManager.create(WebDriverManager.java:435)
	at ro.upt.SeleniumTest.setup(SeleniumTest.java:38)
	at java.base/java.lang.reflect.Method.invoke(Method.java:580)
	at java.base/java.util.ArrayList.forEach(ArrayList.java:1596)
	at java.base/java.util.ArrayList.forEach(ArrayList.java:1596)
	Suppressed: java.lang.NullPointerException: Cannot invoke "org.openqa.selenium.WebDriver.quit()" because "this.webDriver" is null
		at ro.upt.SeleniumTest.tearDown(SeleniumTest.java:49)
		... 3 more
Caused by: java.lang.reflect.InvocationTargetException
	at java.base/jdk.internal.reflect.DirectConstructorHandleAccessor.newInstance(DirectConstructorHandleAccessor.java:74)
	at java.base/java.lang.reflect.Constructor.newInstanceWithCaller(Constructor.java:502)
	at java.base/java.lang.reflect.Constructor.newInstance(Constructor.java:486)
	at io.github.bonigarcia.wdm.webdriver.WebDriverCreator.createLocalWebDriver(WebDriverCreator.java:64)
	at io.github.bonigarcia.wdm.WebDriverManager.createLocalWebDriver(WebDriverManager.java:1998)
	at io.github.bonigarcia.wdm.WebDriverManager.instantiateDriver(WebDriverManager.java:1801)
	... 5 more
Caused by: org.openqa.selenium.SessionNotCreatedException: Could not start a new session. Possible causes are invalid address of the remote server or browser start-up failure. 
Host info: host: 'DESKTOP-GANC7RP', ip: '10.99.147.57'
	at org.openqa.selenium.remote.RemoteWebDriver.execute(RemoteWebDriver.java:562)
	at org.openqa.selenium.remote.RemoteWebDriver.startSession(RemoteWebDriver.java:244)
	at org.openqa.selenium.remote.RemoteWebDriver.<init>(RemoteWebDriver.java:173)
	at org.openqa.selenium.firefox.FirefoxDriver.<init>(FirefoxDriver.java:142)
	at org.openqa.selenium.firefox.FirefoxDriver.<init>(FirefoxDriver.java:137)
	at org.openqa.selenium.firefox.FirefoxDriver.<init>(FirefoxDriver.java:119)
	at org.openqa.selenium.firefox.FirefoxDriver.<init>(FirefoxDriver.java:114)
	at org.openqa.selenium.firefox.FirefoxDriver.<init>(FirefoxDriver.java:99)
	at org.openqa.selenium.firefox.FirefoxDriver.<init>(FirefoxDriver.java:89)
	at java.base/jdk.internal.reflect.DirectConstructorHandleAccessor.newInstance(DirectConstructorHandleAccessor.java:62)
	... 10 more
Caused by: org.openqa.selenium.WebDriverException: Driver server process died prematurely, exit value: 1
Build info: version: '4.34.0', revision: '707dcb4246*'
System info: os.name: 'Windows 11', os.arch: 'amd64', os.version: '10.0', java.version: '21.0.3'
Driver info: driver.version: FirefoxDriver
	at org.openqa.selenium.remote.service.DriverService.start(DriverService.java:253)
	at org.openqa.selenium.remote.service.DriverCommandExecutor.execute(DriverCommandExecutor.java:117)
	at org.openqa.selenium.remote.RemoteWebDriver.execute(RemoteWebDriver.java:544)
	... 19 more

ro.upt.SeleniumTest.testLockedOutUser -- Time elapsed: 0.053 s <<< ERROR!
io.github.bonigarcia.wdm.config.WebDriverManagerException: There was an error creating WebDriver object for Firefox
	at io.github.bonigarcia.wdm.WebDriverManager.instantiateDriver(WebDriverManager.java:1812)
	at io.github.bonigarcia.wdm.WebDriverManager.create(WebDriverManager.java:435)
	at ro.upt.SeleniumTest.setup(SeleniumTest.java:38)
	at java.base/java.lang.reflect.Method.invoke(Method.java:580)
	at java.base/java.util.ArrayList.forEach(ArrayList.java:1596)
	at java.base/java.util.ArrayList.forEach(ArrayList.java:1596)
	Suppressed: java.lang.NullPointerException: Cannot invoke "org.openqa.selenium.WebDriver.quit()" because "this.webDriver" is null
		at ro.upt.SeleniumTest.tearDown(SeleniumTest.java:49)
		... 3 more
Caused by: java.lang.reflect.InvocationTargetException
	at java.base/jdk.internal.reflect.DirectConstructorHandleAccessor.newInstance(DirectConstructorHandleAccessor.java:74)
	at java.base/java.lang.reflect.Constructor.newInstanceWithCaller(Constructor.java:502)
	at java.base/java.lang.reflect.Constructor.newInstance(Constructor.java:486)
	at io.github.bonigarcia.wdm.webdriver.WebDriverCreator.createLocalWebDriver(WebDriverCreator.java:64)
	at io.github.bonigarcia.wdm.WebDriverManager.createLocalWebDriver(WebDriverManager.java:1998)
	at io.github.bonigarcia.wdm.WebDriverManager.instantiateDriver(WebDriverManager.java:1801)
	... 5 more
Caused by: org.openqa.selenium.SessionNotCreatedException: Could not start a new session. Possible causes are invalid address of the remote server or browser start-up failure. 
Host info: host: 'DESKTOP-GANC7RP', ip: '10.99.147.57'
	at org.openqa.selenium.remote.RemoteWebDriver.execute(RemoteWebDriver.java:562)
	at org.openqa.selenium.remote.RemoteWebDriver.startSession(RemoteWebDriver.java:244)
	at org.openqa.selenium.remote.RemoteWebDriver.<init>(RemoteWebDriver.java:173)
	at org.openqa.selenium.firefox.FirefoxDriver.<init>(FirefoxDriver.java:142)
	at org.openqa.selenium.firefox.FirefoxDriver.<init>(FirefoxDriver.java:137)
	at org.openqa.selenium.firefox.FirefoxDriver.<init>(FirefoxDriver.java:119)
	at org.openqa.selenium.firefox.FirefoxDriver.<init>(FirefoxDriver.java:114)
	at org.openqa.selenium.firefox.FirefoxDriver.<init>(FirefoxDriver.java:99)
	at org.openqa.selenium.firefox.FirefoxDriver.<init>(FirefoxDriver.java:89)
	at java.base/jdk.internal.reflect.DirectConstructorHandleAccessor.newInstance(DirectConstructorHandleAccessor.java:62)
	... 10 more
Caused by: org.openqa.selenium.WebDriverException: Driver server process died prematurely, exit value: 1
Build info: version: '4.34.0', revision: '707dcb4246*'
System info: os.name: 'Windows 11', os.arch: 'amd64', os.version: '10.0', java.version: '21.0.3'
Driver info: driver.version: FirefoxDriver
	at org.openqa.selenium.remote.service.DriverService.start(DriverService.java:253)
	at org.openqa.selenium.remote.service.DriverCommandExecutor.execute(DriverCommandExecutor.java:117)
	at org.openqa.selenium.remote.RemoteWebDriver.execute(RemoteWebDriver.java:544)
	... 19 more

ro.upt.SeleniumTest.testAddToCartDisplaysRemoveButton -- Time elapsed: 0.049 s <<< ERROR!
io.github.bonigarcia.wdm.config.WebDriverManagerException: There was an error creating WebDriver object for Firefox
	at io.github.bonigarcia.wdm.WebDriverManager.instantiateDriver(WebDriverManager.java:1812)
	at io.github.bonigarcia.wdm.WebDriverManager.create(WebDriverManager.java:435)
	at ro.upt.SeleniumTest.setup(SeleniumTest.java:38)
	at java.base/java.lang.reflect.Method.invoke(Method.java:580)
	at java.base/java.util.ArrayList.forEach(ArrayList.java:1596)
	at java.base/java.util.ArrayList.forEach(ArrayList.java:1596)
	Suppressed: java.lang.NullPointerException: Cannot invoke "org.openqa.selenium.WebDriver.quit()" because "this.webDriver" is null
		at ro.upt.SeleniumTest.tearDown(SeleniumTest.java:49)
		... 3 more
Caused by: java.lang.reflect.InvocationTargetException
	at java.base/jdk.internal.reflect.DirectConstructorHandleAccessor.newInstance(DirectConstructorHandleAccessor.java:74)
	at java.base/java.lang.reflect.Constructor.newInstanceWithCaller(Constructor.java:502)
	at java.base/java.lang.reflect.Constructor.newInstance(Constructor.java:486)
	at io.github.bonigarcia.wdm.webdriver.WebDriverCreator.createLocalWebDriver(WebDriverCreator.java:64)
	at io.github.bonigarcia.wdm.WebDriverManager.createLocalWebDriver(WebDriverManager.java:1998)
	at io.github.bonigarcia.wdm.WebDriverManager.instantiateDriver(WebDriverManager.java:1801)
	... 5 more
Caused by: org.openqa.selenium.SessionNotCreatedException: Could not start a new session. Possible causes are invalid address of the remote server or browser start-up failure. 
Host info: host: 'DESKTOP-GANC7RP', ip: '10.99.147.57'
	at org.openqa.selenium.remote.RemoteWebDriver.execute(RemoteWebDriver.java:562)
	at org.openqa.selenium.remote.RemoteWebDriver.startSession(RemoteWebDriver.java:244)
	at org.openqa.selenium.remote.RemoteWebDriver.<init>(RemoteWebDriver.java:173)
	at org.openqa.selenium.firefox.FirefoxDriver.<init>(FirefoxDriver.java:142)
	at org.openqa.selenium.firefox.FirefoxDriver.<init>(FirefoxDriver.java:137)
	at org.openqa.selenium.firefox.FirefoxDriver.<init>(FirefoxDriver.java:119)
	at org.openqa.selenium.firefox.FirefoxDriver.<init>(FirefoxDriver.java:114)
	at org.openqa.selenium.firefox.FirefoxDriver.<init>(FirefoxDriver.java:99)
	at org.openqa.selenium.firefox.FirefoxDriver.<init>(FirefoxDriver.java:89)
	at java.base/jdk.internal.reflect.DirectConstructorHandleAccessor.newInstance(DirectConstructorHandleAccessor.java:62)
	... 10 more
Caused by: org.openqa.selenium.WebDriverException: Driver server process died prematurely, exit value: 1
Build info: version: '4.34.0', revision: '707dcb4246*'
System info: os.name: 'Windows 11', os.arch: 'amd64', os.version: '10.0', java.version: '21.0.3'
Driver info: driver.version: FirefoxDriver
	at org.openqa.selenium.remote.service.DriverService.start(DriverService.java:253)
	at org.openqa.selenium.remote.service.DriverCommandExecutor.execute(DriverCommandExecutor.java:117)
	at org.openqa.selenium.remote.RemoteWebDriver.execute(RemoteWebDriver.java:544)
	... 19 more

